<?xml version="1.0" encoding="UTF-8"?>
<testng-results skipped="0" failed="0" total="1" passed="1">
  <reporter-output>
  </reporter-output>
  <suite name="Default suite" duration-ms="3801" started-at="2019-04-28T04:33:13Z" finished-at="2019-04-28T04:33:17Z">
    <groups>
    </groups>
    <test name="Default test" duration-ms="3801" started-at="2019-04-28T04:33:13Z" finished-at="2019-04-28T04:33:17Z">
      <class name="Academy.MissinSearch">
        <test-method status="PASS" signature="basePageNavigation(java.lang.String, java.lang.String, java.lang.String)[pri:0, instance:Academy.MissinSearch@4313f5bc]" name="basePageNavigation" duration-ms="3791" started-at="2019-04-27T21:33:13Z" data-provider="getdata" finished-at="2019-04-27T21:33:17Z">
          <params>
            <param index="0">
              <value>
                <![CDATA[Irvine]]>
              </value>
            </param>
            <param index="1">
              <value>
                <![CDATA[92606]]>
              </value>
            </param>
            <param index="2">
              <value>
                <![CDATA[Dog]]>
              </value>
            </param>
          </params>
          <reporter-output>
          </reporter-output>
        </test-method> <!-- basePageNavigation -->
      </class> <!-- Academy.MissinSearch -->
    </test> <!-- Default test -->
  </suite> <!-- Default suite -->
</testng-results>
